# JRE version: OpenJDK Runtime Environment (8.0_402-b08) (build 1.8.0_402-b08)
# Java VM: OpenJDK 64-Bit Server VM (25.402-b08 mixed mode bsd-amd64 compressed oops)
Heap:
 PSYoungGen      total 65536K, used 22982K [0x000000076ab00000, 0x0000000770000000, 0x00000007c0000000)
  eden space 63488K, 33% used [0x000000076ab00000,0x000000076bfb6890,0x000000076e900000)
  from space 2048K, 86% used [0x000000076fe00000,0x000000076ffbb168,0x0000000770000000)
  to   space 10752K, 0% used [0x000000076eb00000,0x000000076eb00000,0x000000076f580000)
 ParOldGen       total 113664K, used 7651K [0x00000006c0000000, 0x00000006c6f00000, 0x000000076ab00000)
  object space 113664K, 6% used [0x00000006c0000000,0x00000006c0778f90,0x00000006c6f00000)
 Metaspace       used 30271K, capacity 30744K, committed 30976K, reserved 1077248K
  class space    used 2901K, capacity 3017K, committed 3072K, reserved 1048576K
GC Heap History (10 events):
Event: 3.080 GC heap before
{Heap before GC invocations=3 (full 1):
 PSYoungGen      total 76288K, used 8311K [0x000000076ab00000, 0x0000000770000000, 0x00000007c0000000)
  eden space 65536K, 0% used [0x000000076ab00000,0x000000076ab00000,0x000000076eb00000)
  from space 10752K, 77% used [0x000000076f580000,0x000000076fd9dd78,0x0000000770000000)
  to   space 10752K, 0% used [0x000000076eb00000,0x000000076eb00000,0x000000076f580000)
 ParOldGen       total 175104K, used 32K [0x00000006c0000000, 0x00000006cab00000, 0x000000076ab00000)
  object space 175104K, 0% used [0x00000006c0000000,0x00000006c0008000,0x00000006cab00000)
 Metaspace       used 20653K, capacity 21068K, committed 21248K, reserved 1069056K
  class space    used 2329K, capacity 2464K, committed 2560K, reserved 1048576K
Event: 3.102 GC heap after
Heap after GC invocations=3 (full 1):
 PSYoungGen      total 76288K, used 0K [0x000000076ab00000, 0x0000000770000000, 0x00000007c0000000)
  eden space 65536K, 0% used [0x000000076ab00000,0x000000076ab00000,0x000000076eb00000)
  from space 10752K, 0% used [0x000000076f580000,0x000000076f580000,0x0000000770000000)
  to   space 10752K, 0% used [0x000000076eb00000,0x000000076eb00000,0x000000076f580000)
 ParOldGen       total 113664K, used 7643K [0x00000006c0000000, 0x00000006c6f00000, 0x000000076ab00000)
  object space 113664K, 6% used [0x00000006c0000000,0x00000006c0776f90,0x00000006c6f00000)
 Metaspace       used 20653K, capacity 21068K, committed 21248K, reserved 1069056K
  class space    used 2329K, capacity 2464K, committed 2560K, reserved 1048576K
}
Event: 10.118 GC heap before
{Heap before GC invocations=4 (full 1):
 PSYoungGen      total 76288K, used 65536K [0x000000076ab00000, 0x0000000770000000, 0x00000007c0000000)
  eden space 65536K, 100% used [0x000000076ab00000,0x000000076eb00000,0x000000076eb00000)
  from space 10752K, 0% used [0x000000076f580000,0x000000076f580000,0x0000000770000000)
  to   space 10752K, 0% used [0x000000076eb00000,0x000000076eb00000,0x000000076f580000)
 ParOldGen       total 113664K, used 7643K [0x00000006c0000000, 0x00000006c6f00000, 0x000000076ab00000)
  object space 113664K, 6% used [0x00000006c0000000,0x00000006c0776f90,0x00000006c6f00000)
 Metaspace       used 22263K, capacity 22704K, committed 22912K, reserved 1069056K
  class space    used 2526K, capacity 2664K, committed 2688K, reserved 1048576K
Event: 10.120 GC heap after
Heap after GC invocations=4 (full 1):
 PSYoungGen      total 76288K, used 831K [0x000000076ab00000, 0x0000000771380000, 0x00000007c0000000)
  eden space 65536K, 0% used [0x000000076ab00000,0x000000076ab00000,0x000000076eb00000)
  from space 10752K, 7% used [0x000000076eb00000,0x000000076ebcfe38,0x000000076f580000)
  to   space 10752K, 0% used [0x0000000770900000,0x0000000770900000,0x0000000771380000)
 ParOldGen       total 113664K, used 7651K [0x00000006c0000000, 0x00000006c6f00000, 0x000000076ab00000)
  object space 113664K, 6% used [0x00000006c0000000,0x00000006c0778f90,0x00000006c6f00000)
 Metaspace       used 22263K, capacity 22704K, committed 22912K, reserved 1069056K
  class space    used 2526K, capacity 2664K, committed 2688K, reserved 1048576K
}
Event: 11.664 GC heap before
{Heap before GC invocations=5 (full 1):
 PSYoungGen      total 76288K, used 66367K [0x000000076ab00000, 0x0000000771380000, 0x00000007c0000000)
  eden space 65536K, 100% used [0x000000076ab00000,0x000000076eb00000,0x000000076eb00000)
  from space 10752K, 7% used [0x000000076eb00000,0x000000076ebcfe38,0x000000076f580000)
  to   space 10752K, 0% used [0x0000000770900000,0x0000000770900000,0x0000000771380000)
 ParOldGen       total 113664K, used 7651K [0x00000006c0000000, 0x00000006c6f00000, 0x000000076ab00000)
  object space 113664K, 6% used [0x00000006c0000000,0x00000006c0778f90,0x00000006c6f00000)
 Metaspace       used 25859K, capacity 26290K, committed 26496K, reserved 1073152K
  class space    used 2530K, capacity 2664K, committed 2688K, reserved 1048576K
Event: 11.666 GC heap after
Heap after GC invocations=5 (full 1):
 PSYoungGen      total 66048K, used 512K [0x000000076ab00000, 0x0000000770980000, 0x00000007c0000000)
  eden space 65536K, 0% used [0x000000076ab00000,0x000000076ab00000,0x000000076eb00000)
  from space 512K, 100% used [0x0000000770900000,0x0000000770980000,0x0000000770980000)
  to   space 10752K, 0% used [0x000000076f480000,0x000000076f480000,0x000000076ff00000)
 ParOldGen       total 113664K, used 7651K [0x00000006c0000000, 0x00000006c6f00000, 0x000000076ab00000)
  object space 113664K, 6% used [0x00000006c0000000,0x00000006c0778f90,0x00000006c6f00000)
 Metaspace       used 25859K, capacity 26290K, committed 26496K, reserved 1073152K
  class space    used 2530K, capacity 2664K, committed 2688K, reserved 1048576K
}
Event: 13.644 GC heap before
{Heap before GC invocations=6 (full 1):
 PSYoungGen      total 66048K, used 66048K [0x000000076ab00000, 0x0000000770980000, 0x00000007c0000000)
  eden space 65536K, 100% used [0x000000076ab00000,0x000000076eb00000,0x000000076eb00000)
  from space 512K, 100% used [0x0000000770900000,0x0000000770980000,0x0000000770980000)
  to   space 10752K, 0% used [0x000000076f480000,0x000000076f480000,0x000000076ff00000)
 ParOldGen       total 113664K, used 7651K [0x00000006c0000000, 0x00000006c6f00000, 0x000000076ab00000)
  object space 113664K, 6% used [0x00000006c0000000,0x00000006c0778f90,0x00000006c6f00000)
 Metaspace       used 26322K, capacity 26738K, committed 27008K, reserved 1073152K
  class space    used 2539K, capacity 2664K, committed 2688K, reserved 1048576K
Event: 13.645 GC heap after
Heap after GC invocations=6 (full 1):
 PSYoungGen      total 65536K, used 576K [0x000000076ab00000, 0x0000000770980000, 0x00000007c0000000)
  eden space 64512K, 0% used [0x000000076ab00000,0x000000076ab00000,0x000000076ea00000)
  from space 1024K, 56% used [0x000000076f480000,0x000000076f510000,0x000000076f580000)
  to   space 11776K, 0% used [0x000000076fe00000,0x000000076fe00000,0x0000000770980000)
 ParOldGen       total 113664K, used 7651K [0x00000006c0000000, 0x00000006c6f00000, 0x000000076ab00000)
  object space 113664K, 6% used [0x00000006c0000000,0x00000006c0778f90,0x00000006c6f00000)
 Metaspace       used 26322K, capacity 26738K, committed 27008K, reserved 1073152K
  class space    used 2539K, capacity 2664K, committed 2688K, reserved 1048576K
}
Event: 40.335 GC heap before
{Heap before GC invocations=7 (full 1):
 PSYoungGen      total 65536K, used 65088K [0x000000076ab00000, 0x0000000770980000, 0x00000007c0000000)
  eden space 64512K, 100% used [0x000000076ab00000,0x000000076ea00000,0x000000076ea00000)
  from space 1024K, 56% used [0x000000076f480000,0x000000076f510000,0x000000076f580000)
  to   space 11776K, 0% used [0x000000076fe00000,0x000000076fe00000,0x0000000770980000)
 ParOldGen       total 113664K, used 7651K [0x00000006c0000000, 0x00000006c6f00000, 0x000000076ab00000)
  object space 113664K, 6% used [0x00000006c0000000,0x00000006c0778f90,0x00000006c6f00000)
 Metaspace       used 29534K, capacity 29938K, committed 30080K, reserved 1077248K
  class space    used 2792K, capacity 2920K, committed 2944K, reserved 1048576K
Event: 40.338 GC heap after
Heap after GC invocations=7 (full 1):
 PSYoungGen      total 65536K, used 1772K [0x000000076ab00000, 0x0000000770000000, 0x00000007c0000000)
  eden space 63488K, 0% used [0x000000076ab00000,0x000000076ab00000,0x000000076e900000)
  from space 2048K, 86% used [0x000000076fe00000,0x000000076ffbb168,0x0000000770000000)
  to   space 10752K, 0% used [0x000000076eb00000,0x000000076eb00000,0x000000076f580000)
 ParOldGen       total 113664K, used 7651K [0x00000006c0000000, 0x00000006c6f00000, 0x000000076ab00000)
  object space 113664K, 6% used [0x00000006c0000000,0x00000006c0778f90,0x00000006c6f00000)
 Metaspace       used 29534K, capacity 29938K, committed 30080K, reserved 1077248K
  class space    used 2792K, capacity 2920K, committed 2944K, reserved 1048576K
}

