# JRE version: OpenJDK Runtime Environment (8.0_402-b08) (build 1.8.0_402-b08)
# Java VM: OpenJDK 64-Bit Server VM (25.402-b08 mixed mode bsd-amd64 compressed oops)
Heap:
 PSYoungGen      total 141824K, used 2915K [0x000000076ab00000, 0x000000077bb00000, 0x00000007c0000000)
  eden space 131072K, 2% used [0x000000076ab00000,0x000000076add8ee0,0x0000000772b00000)
  from space 10752K, 0% used [0x0000000772b00000,0x0000000772b00000,0x0000000773580000)
  to   space 8192K, 0% used [0x000000077b300000,0x000000077b300000,0x000000077bb00000)
 ParOldGen       total 80896K, used 4463K [0x00000006c0000000, 0x00000006c4f00000, 0x000000076ab00000)
  object space 80896K, 5% used [0x00000006c0000000,0x00000006c045bf98,0x00000006c4f00000)
 Metaspace       used 20819K, capacity 21174K, committed 21552K, reserved 1069056K
  class space    used 1760K, capacity 1872K, committed 1920K, reserved 1048576K
GC Heap History (10 events):
Event: 5.206 GC heap before
{Heap before GC invocations=2 (full 0):
 PSYoungGen      total 76288K, used 73731K [0x000000076ab00000, 0x0000000770000000, 0x00000007c0000000)
  eden space 65536K, 100% used [0x000000076ab00000,0x000000076eb00000,0x000000076eb00000)
  from space 10752K, 76% used [0x000000076eb00000,0x000000076f300c30,0x000000076f580000)
  to   space 10752K, 0% used [0x000000076f580000,0x000000076f580000,0x0000000770000000)
 ParOldGen       total 175104K, used 16K [0x00000006c0000000, 0x00000006cab00000, 0x000000076ab00000)
  object space 175104K, 0% used [0x00000006c0000000,0x00000006c0004000,0x00000006cab00000)
 Metaspace       used 12741K, capacity 13038K, committed 13312K, reserved 1060864K
  class space    used 1390K, capacity 1487K, committed 1536K, reserved 1048576K
Event: 5.208 GC heap after
Heap after GC invocations=2 (full 0):
 PSYoungGen      total 76288K, used 3075K [0x000000076ab00000, 0x0000000774000000, 0x00000007c0000000)
  eden space 65536K, 0% used [0x000000076ab00000,0x000000076ab00000,0x000000076eb00000)
  from space 10752K, 28% used [0x000000076f580000,0x000000076f880f60,0x0000000770000000)
  to   space 10752K, 0% used [0x000000076eb00000,0x000000076eb00000,0x000000076f580000)
 ParOldGen       total 175104K, used 24K [0x00000006c0000000, 0x00000006cab00000, 0x000000076ab00000)
  object space 175104K, 0% used [0x00000006c0000000,0x00000006c0006000,0x00000006cab00000)
 Metaspace       used 12741K, capacity 13038K, committed 13312K, reserved 1060864K
  class space    used 1390K, capacity 1487K, committed 1536K, reserved 1048576K
}
Event: 5.333 GC heap before
{Heap before GC invocations=3 (full 0):
 PSYoungGen      total 76288K, used 68611K [0x000000076ab00000, 0x0000000774000000, 0x00000007c0000000)
  eden space 65536K, 100% used [0x000000076ab00000,0x000000076eb00000,0x000000076eb00000)
  from space 10752K, 28% used [0x000000076f580000,0x000000076f880f60,0x0000000770000000)
  to   space 10752K, 0% used [0x000000076eb00000,0x000000076eb00000,0x000000076f580000)
 ParOldGen       total 175104K, used 24K [0x00000006c0000000, 0x00000006cab00000, 0x000000076ab00000)
  object space 175104K, 0% used [0x00000006c0000000,0x00000006c0006000,0x00000006cab00000)
 Metaspace       used 16354K, capacity 16656K, committed 16896K, reserved 1064960K
  class space    used 1395K, capacity 1519K, committed 1536K, reserved 1048576K
Event: 5.336 GC heap after
Heap after GC invocations=3 (full 0):
 PSYoungGen      total 76288K, used 2963K [0x000000076ab00000, 0x0000000774000000, 0x00000007c0000000)
  eden space 65536K, 0% used [0x000000076ab00000,0x000000076ab00000,0x000000076eb00000)
  from space 10752K, 27% used [0x000000076eb00000,0x000000076ede4f70,0x000000076f580000)
  to   space 10752K, 0% used [0x0000000773580000,0x0000000773580000,0x0000000774000000)
 ParOldGen       total 175104K, used 32K [0x00000006c0000000, 0x00000006cab00000, 0x000000076ab00000)
  object space 175104K, 0% used [0x00000006c0000000,0x00000006c0008000,0x00000006cab00000)
 Metaspace       used 16354K, capacity 16656K, committed 16896K, reserved 1064960K
  class space    used 1395K, capacity 1519K, committed 1536K, reserved 1048576K
}
Event: 5.456 GC heap before
{Heap before GC invocations=4 (full 0):
 PSYoungGen      total 76288K, used 68499K [0x000000076ab00000, 0x0000000774000000, 0x00000007c0000000)
  eden space 65536K, 100% used [0x000000076ab00000,0x000000076eb00000,0x000000076eb00000)
  from space 10752K, 27% used [0x000000076eb00000,0x000000076ede4f70,0x000000076f580000)
  to   space 10752K, 0% used [0x0000000773580000,0x0000000773580000,0x0000000774000000)
 ParOldGen       total 175104K, used 32K [0x00000006c0000000, 0x00000006cab00000, 0x000000076ab00000)
  object space 175104K, 0% used [0x00000006c0000000,0x00000006c0008000,0x00000006cab00000)
 Metaspace       used 16843K, capacity 17168K, committed 17408K, reserved 1064960K
  class space    used 1403K, capacity 1519K, committed 1536K, reserved 1048576K
Event: 5.458 GC heap after
Heap after GC invocations=4 (full 0):
 PSYoungGen      total 141824K, used 2995K [0x000000076ab00000, 0x0000000774000000, 0x00000007c0000000)
  eden space 131072K, 0% used [0x000000076ab00000,0x000000076ab00000,0x0000000772b00000)
  from space 10752K, 27% used [0x0000000773580000,0x000000077386cf70,0x0000000774000000)
  to   space 10752K, 0% used [0x0000000772b00000,0x0000000772b00000,0x0000000773580000)
 ParOldGen       total 175104K, used 40K [0x00000006c0000000, 0x00000006cab00000, 0x000000076ab00000)
  object space 175104K, 0% used [0x00000006c0000000,0x00000006c000a000,0x00000006cab00000)
 Metaspace       used 16843K, capacity 17168K, committed 17408K, reserved 1064960K
  class space    used 1403K, capacity 1519K, committed 1536K, reserved 1048576K
}
Event: 5.867 GC heap before
{Heap before GC invocations=5 (full 0):
 PSYoungGen      total 141824K, used 74712K [0x000000076ab00000, 0x0000000774000000, 0x00000007c0000000)
  eden space 131072K, 54% used [0x000000076ab00000,0x000000076f109220,0x0000000772b00000)
  from space 10752K, 27% used [0x0000000773580000,0x000000077386cf70,0x0000000774000000)
  to   space 10752K, 0% used [0x0000000772b00000,0x0000000772b00000,0x0000000773580000)
 ParOldGen       total 175104K, used 40K [0x00000006c0000000, 0x00000006cab00000, 0x000000076ab00000)
  object space 175104K, 0% used [0x00000006c0000000,0x00000006c000a000,0x00000006cab00000)
 Metaspace       used 20809K, capacity 21104K, committed 21296K, reserved 1069056K
  class space    used 1758K, capacity 1871K, committed 1920K, reserved 1048576K
Event: 5.871 GC heap after
Heap after GC invocations=5 (full 0):
 PSYoungGen      total 141824K, used 4681K [0x000000076ab00000, 0x000000077bb00000, 0x00000007c0000000)
  eden space 131072K, 0% used [0x000000076ab00000,0x000000076ab00000,0x0000000772b00000)
  from space 10752K, 43% used [0x0000000772b00000,0x0000000772f925f0,0x0000000773580000)
  to   space 8192K, 0% used [0x000000077b300000,0x000000077b300000,0x000000077bb00000)
 ParOldGen       total 175104K, used 48K [0x00000006c0000000, 0x00000006cab00000, 0x000000076ab00000)
  object space 175104K, 0% used [0x00000006c0000000,0x00000006c000c000,0x00000006cab00000)
 Metaspace       used 20809K, capacity 21104K, committed 21296K, reserved 1069056K
  class space    used 1758K, capacity 1871K, committed 1920K, reserved 1048576K
}
Event: 5.871 GC heap before
{Heap before GC invocations=6 (full 1):
 PSYoungGen      total 141824K, used 4681K [0x000000076ab00000, 0x000000077bb00000, 0x00000007c0000000)
  eden space 131072K, 0% used [0x000000076ab00000,0x000000076ab00000,0x0000000772b00000)
  from space 10752K, 43% used [0x0000000772b00000,0x0000000772f925f0,0x0000000773580000)
  to   space 8192K, 0% used [0x000000077b300000,0x000000077b300000,0x000000077bb00000)
 ParOldGen       total 175104K, used 48K [0x00000006c0000000, 0x00000006cab00000, 0x000000076ab00000)
  object space 175104K, 0% used [0x00000006c0000000,0x00000006c000c000,0x00000006cab00000)
 Metaspace       used 20809K, capacity 21104K, committed 21296K, reserved 1069056K
  class space    used 1758K, capacity 1871K, committed 1920K, reserved 1048576K
Event: 5.887 GC heap after
Heap after GC invocations=6 (full 1):
 PSYoungGen      total 141824K, used 0K [0x000000076ab00000, 0x000000077bb00000, 0x00000007c0000000)
  eden space 131072K, 0% used [0x000000076ab00000,0x000000076ab00000,0x0000000772b00000)
  from space 10752K, 0% used [0x0000000772b00000,0x0000000772b00000,0x0000000773580000)
  to   space 8192K, 0% used [0x000000077b300000,0x000000077b300000,0x000000077bb00000)
 ParOldGen       total 80896K, used 4463K [0x00000006c0000000, 0x00000006c4f00000, 0x000000076ab00000)
  object space 80896K, 5% used [0x00000006c0000000,0x00000006c045bf98,0x00000006c4f00000)
 Metaspace       used 20809K, capacity 21104K, committed 21296K, reserved 1069056K
  class space    used 1758K, capacity 1871K, committed 1920K, reserved 1048576K
}

